<?xml version="1.0" encoding="UTF-8"?>
<coverage generated="1672822043761" clover="3.2.0">
  <project timestamp="1672822043761" name="All files">
    <metrics statements="264" coveredstatements="64" conditionals="13" coveredconditionals="6" methods="55" coveredmethods="6" elements="332" coveredelements="76" complexity="0" loc="264" ncloc="264" packages="10" files="25" classes="25"/>
    <package name="src">
      <metrics statements="24" coveredstatements="0" conditionals="2" coveredconditionals="0" methods="3" coveredmethods="0"/>
      <file name="app.module.ts" path="/Users/jeffrey/dev/nomad_coder/ooober_eats/ooober-eats-backend/src/app.module.ts">
        <metrics statements="16" coveredstatements="0" conditionals="2" coveredconditionals="0" methods="2" coveredmethods="0"/>
        <line num="1" count="0" type="stmt"/>
        <line num="7" count="0" type="stmt"/>
        <line num="8" count="0" type="stmt"/>
        <line num="9" count="0" type="stmt"/>
        <line num="10" count="0" type="stmt"/>
        <line num="11" count="0" type="stmt"/>
        <line num="12" count="0" type="stmt"/>
        <line num="13" count="0" type="stmt"/>
        <line num="14" count="0" type="stmt"/>
        <line num="15" count="0" type="stmt"/>
        <line num="16" count="0" type="stmt"/>
        <line num="17" count="0" type="stmt"/>
        <line num="18" count="0" type="stmt"/>
        <line num="53" count="0" type="stmt"/>
        <line num="80" count="0" type="stmt"/>
        <line num="82" count="0" type="stmt"/>
      </file>
      <file name="main.ts" path="/Users/jeffrey/dev/nomad_coder/ooober_eats/ooober-eats-backend/src/main.ts">
        <metrics statements="8" coveredstatements="0" conditionals="0" coveredconditionals="0" methods="1" coveredmethods="0"/>
        <line num="1" count="0" type="stmt"/>
        <line num="2" count="0" type="stmt"/>
        <line num="3" count="0" type="stmt"/>
        <line num="4" count="0" type="stmt"/>
        <line num="11" count="0" type="stmt"/>
        <line num="12" count="0" type="stmt"/>
        <line num="13" count="0" type="stmt"/>
        <line num="16" count="0" type="stmt"/>
      </file>
    </package>
    <package name="src.auth">
      <metrics statements="15" coveredstatements="0" conditionals="1" coveredconditionals="0" methods="2" coveredmethods="0"/>
      <file name="auth-user.decorator.ts" path="/Users/jeffrey/dev/nomad_coder/ooober_eats/ooober-eats-backend/src/auth/auth-user.decorator.ts">
        <metrics statements="6" coveredstatements="0" conditionals="0" coveredconditionals="0" methods="1" coveredmethods="0"/>
        <line num="1" count="0" type="stmt"/>
        <line num="2" count="0" type="stmt"/>
        <line num="7" count="0" type="stmt"/>
        <line num="9" count="0" type="stmt"/>
        <line num="10" count="0" type="stmt"/>
        <line num="11" count="0" type="stmt"/>
      </file>
      <file name="auth.guard.ts" path="/Users/jeffrey/dev/nomad_coder/ooober_eats/ooober-eats-backend/src/auth/auth.guard.ts">
        <metrics statements="7" coveredstatements="0" conditionals="1" coveredconditionals="0" methods="1" coveredmethods="0"/>
        <line num="5" count="0" type="stmt"/>
        <line num="6" count="0" type="stmt"/>
        <line num="9" count="0" type="stmt"/>
        <line num="14" count="0" type="stmt"/>
        <line num="15" count="0" type="stmt"/>
        <line num="16" count="0" type="cond" truecount="0" falsecount="1"/>
        <line num="17" count="0" type="stmt"/>
      </file>
      <file name="auth.module.ts" path="/Users/jeffrey/dev/nomad_coder/ooober_eats/ooober-eats-backend/src/auth/auth.module.ts">
        <metrics statements="2" coveredstatements="0" conditionals="0" coveredconditionals="0" methods="0" coveredmethods="0"/>
        <line num="1" count="0" type="stmt"/>
        <line num="4" count="0" type="stmt"/>
      </file>
    </package>
    <package name="src.common">
      <metrics statements="2" coveredstatements="0" conditionals="0" coveredconditionals="0" methods="0" coveredmethods="0"/>
      <file name="common.module.ts" path="/Users/jeffrey/dev/nomad_coder/ooober_eats/ooober-eats-backend/src/common/common.module.ts">
        <metrics statements="2" coveredstatements="0" conditionals="0" coveredconditionals="0" methods="0" coveredmethods="0"/>
        <line num="1" count="0" type="stmt"/>
        <line num="4" count="0" type="stmt"/>
      </file>
    </package>
    <package name="src.common.dtos">
      <metrics statements="4" coveredstatements="0" conditionals="0" coveredconditionals="0" methods="2" coveredmethods="0"/>
      <file name="output.dto.ts" path="/Users/jeffrey/dev/nomad_coder/ooober_eats/ooober-eats-backend/src/common/dtos/output.dto.ts">
        <metrics statements="4" coveredstatements="0" conditionals="0" coveredconditionals="0" methods="2" coveredmethods="0"/>
        <line num="1" count="0" type="stmt"/>
        <line num="4" count="0" type="stmt"/>
        <line num="5" count="0" type="stmt"/>
        <line num="8" count="0" type="stmt"/>
      </file>
    </package>
    <package name="src.jwt">
      <metrics statements="26" coveredstatements="4" conditionals="4" coveredconditionals="0" methods="6" coveredmethods="0"/>
      <file name="jwt.middleware.ts" path="/Users/jeffrey/dev/nomad_coder/ooober_eats/ooober-eats-backend/src/jwt/jwt.middleware.ts">
        <metrics statements="14" coveredstatements="0" conditionals="4" coveredconditionals="0" methods="2" coveredmethods="0"/>
        <line num="1" count="0" type="stmt"/>
        <line num="3" count="0" type="stmt"/>
        <line num="4" count="0" type="stmt"/>
        <line num="19" count="0" type="stmt"/>
        <line num="21" count="0" type="stmt"/>
        <line num="22" count="0" type="stmt"/>
        <line num="25" count="0" type="cond" truecount="0" falsecount="1"/>
        <line num="26" count="0" type="stmt"/>
        <line num="27" count="0" type="stmt"/>
        <line num="28" count="0" type="stmt"/>
        <line num="30" count="0" type="cond" truecount="0" falsecount="3"/>
        <line num="31" count="0" type="stmt"/>
        <line num="32" count="0" type="stmt"/>
        <line num="36" count="0" type="stmt"/>
      </file>
      <file name="jwt.module.ts" path="/Users/jeffrey/dev/nomad_coder/ooober_eats/ooober-eats-backend/src/jwt/jwt.module.ts">
        <metrics statements="5" coveredstatements="0" conditionals="0" coveredconditionals="0" methods="1" coveredmethods="0"/>
        <line num="1" count="0" type="stmt"/>
        <line num="2" count="0" type="stmt"/>
        <line num="4" count="0" type="stmt"/>
        <line num="9" count="0" type="stmt"/>
        <line num="11" count="0" type="stmt"/>
      </file>
      <file name="jwt.service.ts" path="/Users/jeffrey/dev/nomad_coder/ooober_eats/ooober-eats-backend/src/jwt/jwt.service.ts">
        <metrics statements="7" coveredstatements="4" conditionals="0" coveredconditionals="0" methods="3" coveredmethods="0"/>
        <line num="1" count="1" type="stmt"/>
        <line num="3" count="1" type="stmt"/>
        <line num="4" count="1" type="stmt"/>
        <line num="8" count="1" type="stmt"/>
        <line num="10" count="0" type="stmt"/>
        <line num="14" count="0" type="stmt"/>
        <line num="18" count="0" type="stmt"/>
      </file>
    </package>
    <package name="src.mail">
      <metrics statements="21" coveredstatements="5" conditionals="0" coveredconditionals="0" methods="5" coveredmethods="0"/>
      <file name="mail.module.ts" path="/Users/jeffrey/dev/nomad_coder/ooober_eats/ooober-eats-backend/src/mail/mail.module.ts">
        <metrics statements="5" coveredstatements="0" conditionals="0" coveredconditionals="0" methods="1" coveredmethods="0"/>
        <line num="1" count="0" type="stmt"/>
        <line num="2" count="0" type="stmt"/>
        <line num="4" count="0" type="stmt"/>
        <line num="8" count="0" type="stmt"/>
        <line num="10" count="0" type="stmt"/>
      </file>
      <file name="mail.service.ts" path="/Users/jeffrey/dev/nomad_coder/ooober_eats/ooober-eats-backend/src/mail/mail.service.ts">
        <metrics statements="16" coveredstatements="5" conditionals="0" coveredconditionals="0" methods="4" coveredmethods="0"/>
        <line num="1" count="1" type="stmt"/>
        <line num="2" count="1" type="stmt"/>
        <line num="4" count="1" type="stmt"/>
        <line num="5" count="1" type="stmt"/>
        <line num="8" count="1" type="stmt"/>
        <line num="10" count="0" type="stmt"/>
        <line num="28" count="0" type="stmt"/>
        <line num="30" count="0" type="stmt"/>
        <line num="34" count="0" type="stmt"/>
        <line num="35" count="0" type="stmt"/>
        <line num="36" count="0" type="stmt"/>
        <line num="37" count="0" type="stmt"/>
        <line num="39" count="0" type="stmt"/>
        <line num="40" count="0" type="stmt"/>
        <line num="53" count="0" type="stmt"/>
        <line num="58" count="0" type="stmt"/>
      </file>
    </package>
    <package name="src.restaurants">
      <metrics statements="41" coveredstatements="0" conditionals="0" coveredconditionals="0" methods="12" coveredmethods="0"/>
      <file name="restaurants.module.ts" path="/Users/jeffrey/dev/nomad_coder/ooober_eats/ooober-eats-backend/src/restaurants/restaurants.module.ts">
        <metrics statements="6" coveredstatements="0" conditionals="0" coveredconditionals="0" methods="0" coveredmethods="0"/>
        <line num="1" count="0" type="stmt"/>
        <line num="2" count="0" type="stmt"/>
        <line num="3" count="0" type="stmt"/>
        <line num="4" count="0" type="stmt"/>
        <line num="5" count="0" type="stmt"/>
        <line num="16" count="0" type="stmt"/>
      </file>
      <file name="restaurants.resolver.ts" path="/Users/jeffrey/dev/nomad_coder/ooober_eats/ooober-eats-backend/src/restaurants/restaurants.resolver.ts">
        <metrics statements="25" coveredstatements="0" conditionals="0" coveredconditionals="0" methods="8" coveredmethods="0"/>
        <line num="1" count="0" type="stmt"/>
        <line num="2" count="0" type="stmt"/>
        <line num="3" count="0" type="stmt"/>
        <line num="4" count="0" type="stmt"/>
        <line num="6" count="0" type="stmt"/>
        <line num="7" count="0" type="stmt"/>
        <line num="9" count="0" type="stmt"/>
        <line num="10" count="0" type="stmt"/>
        <line num="18" count="0" type="stmt"/>
        <line num="24" count="0" type="stmt"/>
        <line num="26" count="0" type="stmt"/>
        <line num="29" count="0" type="stmt"/>
        <line num="30" count="0" type="stmt"/>
        <line num="33" count="0" type="stmt"/>
        <line num="34" count="0" type="stmt"/>
        <line num="35" count="0" type="stmt"/>
        <line num="37" count="0" type="stmt"/>
        <line num="38" count="0" type="stmt"/>
        <line num="42" count="0" type="stmt"/>
        <line num="43" count="0" type="stmt"/>
        <line num="46" count="0" type="stmt"/>
        <line num="47" count="0" type="stmt"/>
        <line num="48" count="0" type="stmt"/>
        <line num="52" count="0" type="stmt"/>
        <line num="53" count="0" type="stmt"/>
      </file>
      <file name="restaurants.service.ts" path="/Users/jeffrey/dev/nomad_coder/ooober_eats/ooober-eats-backend/src/restaurants/restaurants.service.ts">
        <metrics statements="10" coveredstatements="0" conditionals="0" coveredconditionals="0" methods="4" coveredmethods="0"/>
        <line num="1" count="0" type="stmt"/>
        <line num="2" count="0" type="stmt"/>
        <line num="3" count="0" type="stmt"/>
        <line num="4" count="0" type="stmt"/>
        <line num="12" count="0" type="stmt"/>
        <line num="15" count="0" type="stmt"/>
        <line num="19" count="0" type="stmt"/>
        <line num="26" count="0" type="stmt"/>
        <line num="27" count="0" type="stmt"/>
        <line num="32" count="0" type="stmt"/>
      </file>
    </package>
    <package name="src.restaurants.dtos">
      <metrics statements="9" coveredstatements="0" conditionals="0" coveredconditionals="0" methods="2" coveredmethods="0"/>
      <file name="create-restaurant.dto.ts" path="/Users/jeffrey/dev/nomad_coder/ooober_eats/ooober-eats-backend/src/restaurants/dtos/create-restaurant.dto.ts">
        <metrics statements="3" coveredstatements="0" conditionals="0" coveredconditionals="0" methods="0" coveredmethods="0"/>
        <line num="1" count="0" type="stmt"/>
        <line num="2" count="0" type="stmt"/>
        <line num="39" count="0" type="stmt"/>
      </file>
      <file name="update-restaurant.dto.ts" path="/Users/jeffrey/dev/nomad_coder/ooober_eats/ooober-eats-backend/src/restaurants/dtos/update-restaurant.dto.ts">
        <metrics statements="6" coveredstatements="0" conditionals="0" coveredconditionals="0" methods="2" coveredmethods="0"/>
        <line num="1" count="0" type="stmt"/>
        <line num="2" count="0" type="stmt"/>
        <line num="5" count="0" type="stmt"/>
        <line num="12" count="0" type="stmt"/>
        <line num="13" count="0" type="stmt"/>
        <line num="16" count="0" type="stmt"/>
      </file>
    </package>
    <package name="src.users">
      <metrics statements="94" coveredstatements="55" conditionals="6" coveredconditionals="6" methods="20" coveredmethods="6"/>
      <file name="users.module.ts" path="/Users/jeffrey/dev/nomad_coder/ooober_eats/ooober-eats-backend/src/users/users.module.ts">
        <metrics statements="7" coveredstatements="0" conditionals="0" coveredconditionals="0" methods="0" coveredmethods="0"/>
        <line num="1" count="0" type="stmt"/>
        <line num="2" count="0" type="stmt"/>
        <line num="3" count="0" type="stmt"/>
        <line num="4" count="0" type="stmt"/>
        <line num="5" count="0" type="stmt"/>
        <line num="6" count="0" type="stmt"/>
        <line num="13" count="0" type="stmt"/>
      </file>
      <file name="users.resolver.ts" path="/Users/jeffrey/dev/nomad_coder/ooober_eats/ooober-eats-backend/src/users/users.resolver.ts">
        <metrics statements="32" coveredstatements="0" conditionals="0" coveredconditionals="0" methods="14" coveredmethods="0"/>
        <line num="1" count="0" type="stmt"/>
        <line num="2" count="0" type="stmt"/>
        <line num="3" count="0" type="stmt"/>
        <line num="4" count="0" type="stmt"/>
        <line num="5" count="0" type="stmt"/>
        <line num="9" count="0" type="stmt"/>
        <line num="10" count="0" type="stmt"/>
        <line num="11" count="0" type="stmt"/>
        <line num="12" count="0" type="stmt"/>
        <line num="13" count="0" type="stmt"/>
        <line num="14" count="0" type="stmt"/>
        <line num="15" count="0" type="stmt"/>
        <line num="17" count="0" type="stmt"/>
        <line num="18" count="0" type="stmt"/>
        <line num="19" count="0" type="stmt"/>
        <line num="21" count="0" type="stmt"/>
        <line num="22" count="0" type="stmt"/>
        <line num="25" count="0" type="stmt"/>
        <line num="28" count="0" type="stmt"/>
        <line num="29" count="0" type="stmt"/>
        <line num="30" count="0" type="stmt"/>
        <line num="33" count="0" type="stmt"/>
        <line num="36" count="0" type="stmt"/>
        <line num="40" count="0" type="stmt"/>
        <line num="41" count="0" type="stmt"/>
        <line num="44" count="0" type="stmt"/>
        <line num="48" count="0" type="stmt"/>
        <line num="49" count="0" type="stmt"/>
        <line num="53" count="0" type="stmt"/>
        <line num="56" count="0" type="stmt"/>
        <line num="57" count="0" type="stmt"/>
        <line num="60" count="0" type="stmt"/>
      </file>
      <file name="users.service.ts" path="/Users/jeffrey/dev/nomad_coder/ooober_eats/ooober-eats-backend/src/users/users.service.ts">
        <metrics statements="55" coveredstatements="55" conditionals="6" coveredconditionals="6" methods="6" coveredmethods="6"/>
        <line num="1" count="1" type="stmt"/>
        <line num="2" count="1" type="stmt"/>
        <line num="3" count="1" type="stmt"/>
        <line num="4" count="1" type="stmt"/>
        <line num="12" count="1" type="stmt"/>
        <line num="14" count="1" type="stmt"/>
        <line num="17" count="1" type="stmt"/>
        <line num="19" count="1" type="stmt"/>
        <line num="24" count="16" type="stmt"/>
        <line num="26" count="16" type="stmt"/>
        <line num="27" count="16" type="stmt"/>
        <line num="28" count="16" type="stmt"/>
        <line num="36" count="3" type="stmt"/>
        <line num="39" count="3" type="stmt"/>
        <line num="41" count="2" type="cond" truecount="1" falsecount="0"/>
        <line num="43" count="1" type="stmt"/>
        <line num="49" count="1" type="stmt"/>
        <line num="53" count="1" type="stmt"/>
        <line num="58" count="1" type="stmt"/>
        <line num="60" count="1" type="stmt"/>
        <line num="64" count="1" type="stmt"/>
        <line num="72" count="4" type="stmt"/>
        <line num="76" count="4" type="stmt"/>
        <line num="80" count="4" type="cond" truecount="1" falsecount="0"/>
        <line num="81" count="1" type="stmt"/>
        <line num="86" count="3" type="stmt"/>
        <line num="87" count="2" type="cond" truecount="1" falsecount="0"/>
        <line num="88" count="1" type="stmt"/>
        <line num="98" count="1" type="stmt"/>
        <line num="100" count="1" type="stmt"/>
        <line num="105" count="1" type="stmt"/>
        <line num="113" count="2" type="stmt"/>
        <line num="115" count="2" type="stmt"/>
        <line num="116" count="1" type="stmt"/>
        <line num="121" count="1" type="stmt"/>
        <line num="132" count="3" type="stmt"/>
        <line num="134" count="3" type="stmt"/>
        <line num="135" count="2" type="cond" truecount="1" falsecount="0"/>
        <line num="136" count="1" type="stmt"/>
        <line num="137" count="1" type="stmt"/>
        <line num="138" count="1" type="stmt"/>
        <line num="141" count="1" type="stmt"/>
        <line num="143" count="2" type="cond" truecount="1" falsecount="0"/>
        <line num="144" count="2" type="stmt"/>
        <line num="146" count="2" type="stmt"/>
        <line num="150" count="1" type="stmt"/>
        <line num="155" count="3" type="stmt"/>
        <line num="156" count="3" type="stmt"/>
        <line num="161" count="2" type="cond" truecount="1" falsecount="0"/>
        <line num="162" count="1" type="stmt"/>
        <line num="167" count="1" type="stmt"/>
        <line num="168" count="1" type="stmt"/>
        <line num="169" count="1" type="stmt"/>
        <line num="171" count="1" type="stmt"/>
        <line num="173" count="1" type="stmt"/>
      </file>
    </package>
    <package name="src.users.dtos">
      <metrics statements="28" coveredstatements="0" conditionals="0" coveredconditionals="0" methods="3" coveredmethods="0"/>
      <file name="create-account.dto.ts" path="/Users/jeffrey/dev/nomad_coder/ooober_eats/ooober-eats-backend/src/users/dtos/create-account.dto.ts">
        <metrics statements="5" coveredstatements="0" conditionals="0" coveredconditionals="0" methods="0" coveredmethods="0"/>
        <line num="1" count="0" type="stmt"/>
        <line num="2" count="0" type="stmt"/>
        <line num="3" count="0" type="stmt"/>
        <line num="6" count="0" type="stmt"/>
        <line num="13" count="0" type="stmt"/>
      </file>
      <file name="edit-profile.dto.ts" path="/Users/jeffrey/dev/nomad_coder/ooober_eats/ooober-eats-backend/src/users/dtos/edit-profile.dto.ts">
        <metrics statements="5" coveredstatements="0" conditionals="0" coveredconditionals="0" methods="0" coveredmethods="0"/>
        <line num="1" count="0" type="stmt"/>
        <line num="2" count="0" type="stmt"/>
        <line num="3" count="0" type="stmt"/>
        <line num="6" count="0" type="stmt"/>
        <line num="15" count="0" type="stmt"/>
      </file>
      <file name="login.dto.ts" path="/Users/jeffrey/dev/nomad_coder/ooober_eats/ooober-eats-backend/src/users/dtos/login.dto.ts">
        <metrics statements="6" coveredstatements="0" conditionals="0" coveredconditionals="0" methods="1" coveredmethods="0"/>
        <line num="1" count="0" type="stmt"/>
        <line num="2" count="0" type="stmt"/>
        <line num="3" count="0" type="stmt"/>
        <line num="6" count="0" type="stmt"/>
        <line num="7" count="0" type="stmt"/>
        <line num="12" count="0" type="stmt"/>
      </file>
      <file name="user-profile.dto.ts" path="/Users/jeffrey/dev/nomad_coder/ooober_eats/ooober-eats-backend/src/users/dtos/user-profile.dto.ts">
        <metrics statements="7" coveredstatements="0" conditionals="0" coveredconditionals="0" methods="2" coveredmethods="0"/>
        <line num="1" count="0" type="stmt"/>
        <line num="2" count="0" type="stmt"/>
        <line num="3" count="0" type="stmt"/>
        <line num="6" count="0" type="stmt"/>
        <line num="7" count="0" type="stmt"/>
        <line num="12" count="0" type="stmt"/>
        <line num="13" count="0" type="stmt"/>
      </file>
      <file name="verify-eamil.dto.ts" path="/Users/jeffrey/dev/nomad_coder/ooober_eats/ooober-eats-backend/src/users/dtos/verify-eamil.dto.ts">
        <metrics statements="5" coveredstatements="0" conditionals="0" coveredconditionals="0" methods="0" coveredmethods="0"/>
        <line num="1" count="0" type="stmt"/>
        <line num="2" count="0" type="stmt"/>
        <line num="3" count="0" type="stmt"/>
        <line num="6" count="0" type="stmt"/>
        <line num="9" count="0" type="stmt"/>
      </file>
    </package>
  </project>
</coverage>
