{"/Users/jeffrey/dev/nomad_coder/ooober_eats/ooober-eats-backend/src/app.module.ts": {"path":"/Users/jeffrey/dev/nomad_coder/ooober_eats/ooober-eats-backend/src/app.module.ts","statementMap":{"0":{"start":{"line":1,"column":0},"end":{"line":1,"column":null}},"1":{"start":{"line":7,"column":0},"end":{"line":7,"column":48}},"2":{"start":{"line":8,"column":0},"end":{"line":8,"column":46}},"3":{"start":{"line":9,"column":0},"end":{"line":9,"column":48}},"4":{"start":{"line":10,"column":0},"end":{"line":10,"column":46}},"5":{"start":{"line":11,"column":0},"end":{"line":11,"column":27}},"6":{"start":{"line":12,"column":0},"end":{"line":12,"column":51}},"7":{"start":{"line":13,"column":0},"end":{"line":13,"column":53}},"8":{"start":{"line":14,"column":0},"end":{"line":14,"column":45}},"9":{"start":{"line":15,"column":0},"end":{"line":15,"column":53}},"10":{"start":{"line":16,"column":0},"end":{"line":16,"column":48}},"11":{"start":{"line":17,"column":0},"end":{"line":17,"column":68}},"12":{"start":{"line":18,"column":0},"end":{"line":18,"column":48}},"13":{"start":{"line":80,"column":7},"end":{"line":89,"column":null}},"14":{"start":{"line":82,"column":4},"end":{"line":87,"column":7}},"15":{"start":{"line":80,"column":13},"end":{"line":89,"column":null}},"16":{"start":{"line":53,"column":29},"end":{"line":53,"column":50}},"17":{"start":{"line":80,"column":13},"end":{"line":80,"column":22}}},"fnMap":{"0":{"name":"(anonymous_1)","decl":{"start":{"line":81,"column":2},"end":{"line":81,"column":11}},"loc":{"start":{"line":81,"column":40},"end":{"line":88,"column":3}}},"1":{"name":"(anonymous_2)","decl":{"start":{"line":53,"column":15},"end":{"line":53,"column":16}},"loc":{"start":{"line":53,"column":29},"end":{"line":53,"column":50}}}},"branchMap":{"0":{"loc":{"start":{"line":29,"column":19},"end":{"line":29,"column":76}},"type":"cond-expr","locations":[{"start":{"line":29,"column":52},"end":{"line":29,"column":62}},{"start":{"line":29,"column":65},"end":{"line":29,"column":76}}]}},"s":{"0":0,"1":0,"2":0,"3":0,"4":0,"5":0,"6":0,"7":0,"8":0,"9":0,"10":0,"11":0,"12":0,"13":0,"14":0,"15":0,"16":0,"17":0},"f":{"0":0,"1":0},"b":{"0":[0,0]}}
,"/Users/jeffrey/dev/nomad_coder/ooober_eats/ooober-eats-backend/src/main.ts": {"path":"/Users/jeffrey/dev/nomad_coder/ooober_eats/ooober-eats-backend/src/main.ts","statementMap":{"0":{"start":{"line":1,"column":0},"end":{"line":1,"column":26}},"1":{"start":{"line":2,"column":0},"end":{"line":2,"column":43}},"2":{"start":{"line":3,"column":0},"end":{"line":3,"column":41}},"3":{"start":{"line":4,"column":0},"end":{"line":4,"column":48}},"4":{"start":{"line":11,"column":14},"end":{"line":11,"column":49}},"5":{"start":{"line":12,"column":2},"end":{"line":12,"column":43}},"6":{"start":{"line":13,"column":2},"end":{"line":13,"column":25}},"7":{"start":{"line":16,"column":0},"end":{"line":16,"column":12}}},"fnMap":{"0":{"name":"bootstrap","decl":{"start":{"line":10,"column":15},"end":{"line":10,"column":24}},"loc":{"start":{"line":10,"column":24},"end":{"line":14,"column":1}}}},"branchMap":{},"s":{"0":0,"1":0,"2":0,"3":0,"4":0,"5":0,"6":0,"7":0},"f":{"0":0},"b":{}}
,"/Users/jeffrey/dev/nomad_coder/ooober_eats/ooober-eats-backend/src/auth/auth-user.decorator.ts": {"path":"/Users/jeffrey/dev/nomad_coder/ooober_eats/ooober-eats-backend/src/auth/auth-user.decorator.ts","statementMap":{"0":{"start":{"line":1,"column":0},"end":{"line":1,"column":72}},"1":{"start":{"line":2,"column":0},"end":{"line":2,"column":54}},"2":{"start":{"line":7,"column":13},"end":{"line":13,"column":2}},"3":{"start":{"line":9,"column":23},"end":{"line":9,"column":71}},"4":{"start":{"line":10,"column":17},"end":{"line":10,"column":32}},"5":{"start":{"line":11,"column":4},"end":{"line":11,"column":16}}},"fnMap":{"0":{"name":"(anonymous_0)","decl":{"start":{"line":8,"column":2},"end":{"line":8,"column":3}},"loc":{"start":{"line":8,"column":47},"end":{"line":12,"column":3}}}},"branchMap":{},"s":{"0":0,"1":0,"2":0,"3":0,"4":0,"5":0},"f":{"0":0},"b":{}}
,"/Users/jeffrey/dev/nomad_coder/ooober_eats/ooober-eats-backend/src/auth/auth.guard.ts": {"path":"/Users/jeffrey/dev/nomad_coder/ooober_eats/ooober-eats-backend/src/auth/auth.guard.ts","statementMap":{"0":{"start":{"line":5,"column":0},"end":{"line":5,"column":75}},"1":{"start":{"line":6,"column":0},"end":{"line":6,"column":54}},"2":{"start":{"line":9,"column":7},"end":{"line":19,"column":null}},"3":{"start":{"line":14,"column":23},"end":{"line":14,"column":71}},"4":{"start":{"line":15,"column":17},"end":{"line":15,"column":32}},"5":{"start":{"line":16,"column":4},"end":{"line":16,"column":28}},"6":{"start":{"line":16,"column":15},"end":{"line":16,"column":28}},"7":{"start":{"line":17,"column":4},"end":{"line":17,"column":16}},"8":{"start":{"line":9,"column":13},"end":{"line":19,"column":null}},"9":{"start":{"line":9,"column":13},"end":{"line":9,"column":22}}},"fnMap":{"0":{"name":"(anonymous_1)","decl":{"start":{"line":13,"column":2},"end":{"line":13,"column":13}},"loc":{"start":{"line":13,"column":39},"end":{"line":18,"column":3}}}},"branchMap":{"0":{"loc":{"start":{"line":16,"column":4},"end":{"line":16,"column":28}},"type":"if","locations":[{"start":{"line":16,"column":4},"end":{"line":16,"column":28}}]}},"s":{"0":0,"1":0,"2":0,"3":0,"4":0,"5":0,"6":0,"7":0,"8":0,"9":0},"f":{"0":0},"b":{"0":[0]}}
,"/Users/jeffrey/dev/nomad_coder/ooober_eats/ooober-eats-backend/src/auth/auth.module.ts": {"path":"/Users/jeffrey/dev/nomad_coder/ooober_eats/ooober-eats-backend/src/auth/auth.module.ts","statementMap":{"0":{"start":{"line":1,"column":0},"end":{"line":1,"column":40}},"1":{"start":{"line":4,"column":7},"end":{"line":4,"column":null}},"2":{"start":{"line":4,"column":13},"end":{"line":4,"column":null}},"3":{"start":{"line":4,"column":13},"end":{"line":4,"column":23}}},"fnMap":{},"branchMap":{},"s":{"0":0,"1":0,"2":0,"3":0},"f":{},"b":{}}
,"/Users/jeffrey/dev/nomad_coder/ooober_eats/ooober-eats-backend/src/common/common.module.ts": {"path":"/Users/jeffrey/dev/nomad_coder/ooober_eats/ooober-eats-backend/src/common/common.module.ts","statementMap":{"0":{"start":{"line":1,"column":0},"end":{"line":1,"column":40}},"1":{"start":{"line":4,"column":7},"end":{"line":4,"column":null}},"2":{"start":{"line":4,"column":13},"end":{"line":4,"column":null}},"3":{"start":{"line":4,"column":13},"end":{"line":4,"column":25}}},"fnMap":{},"branchMap":{},"s":{"0":0,"1":0,"2":0,"3":0},"f":{},"b":{}}
,"/Users/jeffrey/dev/nomad_coder/ooober_eats/ooober-eats-backend/src/common/dtos/output.dto.ts": {"path":"/Users/jeffrey/dev/nomad_coder/ooober_eats/ooober-eats-backend/src/common/dtos/output.dto.ts","statementMap":{"0":{"start":{"line":1,"column":0},"end":{"line":1,"column":52}},"1":{"start":{"line":4,"column":7},"end":{"line":10,"column":null}},"2":{"start":{"line":5,"column":2},"end":{"line":6,"column":null}},"3":{"start":{"line":5,"column":19},"end":{"line":5,"column":25}},"4":{"start":{"line":8,"column":2},"end":{"line":9,"column":null}},"5":{"start":{"line":8,"column":19},"end":{"line":8,"column":26}},"6":{"start":{"line":4,"column":13},"end":{"line":10,"column":null}},"7":{"start":{"line":4,"column":13},"end":{"line":4,"column":23}}},"fnMap":{"0":{"name":"(anonymous_2)","decl":{"start":{"line":5,"column":9},"end":{"line":5,"column":10}},"loc":{"start":{"line":5,"column":19},"end":{"line":5,"column":25}}},"1":{"name":"(anonymous_3)","decl":{"start":{"line":8,"column":9},"end":{"line":8,"column":10}},"loc":{"start":{"line":8,"column":19},"end":{"line":8,"column":26}}}},"branchMap":{},"s":{"0":0,"1":0,"2":0,"3":0,"4":0,"5":0,"6":0,"7":0},"f":{"0":0,"1":0},"b":{}}
,"/Users/jeffrey/dev/nomad_coder/ooober_eats/ooober-eats-backend/src/jwt/jwt.middleware.ts": {"path":"/Users/jeffrey/dev/nomad_coder/ooober_eats/ooober-eats-backend/src/jwt/jwt.middleware.ts","statementMap":{"0":{"start":{"line":1,"column":0},"end":{"line":1,"column":60}},"1":{"start":{"line":3,"column":0},"end":{"line":3,"column":43}},"2":{"start":{"line":4,"column":0},"end":{"line":4,"column":54}},"3":{"start":{"line":19,"column":7},"end":{"line":38,"column":null}},"4":{"start":{"line":21,"column":21},"end":{"line":21,"column":33}},"5":{"start":{"line":22,"column":21},"end":{"line":22,"column":35}},"6":{"start":{"line":25,"column":4},"end":{"line":35,"column":null}},"7":{"start":{"line":26,"column":20},"end":{"line":26,"column":40}},"8":{"start":{"line":27,"column":6},"end":{"line":34,"column":20}},"9":{"start":{"line":28,"column":24},"end":{"line":28,"column":64}},"10":{"start":{"line":30,"column":8},"end":{"line":33,"column":null}},"11":{"start":{"line":31,"column":23},"end":{"line":31,"column":70}},"12":{"start":{"line":32,"column":10},"end":{"line":32,"column":29}},"13":{"start":{"line":36,"column":4},"end":{"line":36,"column":11}},"14":{"start":{"line":19,"column":13},"end":{"line":38,"column":null}},"15":{"start":{"line":19,"column":13},"end":{"line":19,"column":26}}},"fnMap":{"0":{"name":"(anonymous_2)","decl":{"start":{"line":20,"column":2},"end":{"line":20,"column":null}},"loc":{"start":{"line":22,"column":47},"end":{"line":23,"column":6}}},"1":{"name":"(anonymous_3)","decl":{"start":{"line":24,"column":2},"end":{"line":24,"column":7}},"loc":{"start":{"line":24,"column":59},"end":{"line":37,"column":3}}}},"branchMap":{"0":{"loc":{"start":{"line":25,"column":4},"end":{"line":35,"column":null}},"type":"if","locations":[{"start":{"line":25,"column":4},"end":{"line":35,"column":null}}]},"1":{"loc":{"start":{"line":30,"column":8},"end":{"line":33,"column":null}},"type":"if","locations":[{"start":{"line":30,"column":8},"end":{"line":33,"column":null}}]},"2":{"loc":{"start":{"line":30,"column":12},"end":{"line":30,"column":71}},"type":"binary-expr","locations":[{"start":{"line":30,"column":12},"end":{"line":30,"column":39}},{"start":{"line":30,"column":43},"end":{"line":30,"column":71}}]}},"s":{"0":0,"1":0,"2":0,"3":0,"4":0,"5":0,"6":0,"7":0,"8":0,"9":0,"10":0,"11":0,"12":0,"13":0,"14":0,"15":0},"f":{"0":0,"1":0},"b":{"0":[0],"1":[0],"2":[0,0]}}
,"/Users/jeffrey/dev/nomad_coder/ooober_eats/ooober-eats-backend/src/jwt/jwt.module.ts": {"path":"/Users/jeffrey/dev/nomad_coder/ooober_eats/ooober-eats-backend/src/jwt/jwt.module.ts","statementMap":{"0":{"start":{"line":1,"column":0},"end":{"line":1,"column":63}},"1":{"start":{"line":2,"column":0},"end":{"line":2,"column":43}},"2":{"start":{"line":4,"column":0},"end":{"line":4,"column":60}},"3":{"start":{"line":9,"column":22},"end":{"line":23,"column":null}},"4":{"start":{"line":11,"column":4},"end":{"line":21,"column":6}},"5":{"start":{"line":9,"column":13},"end":{"line":23,"column":null}},"6":{"start":{"line":9,"column":13},"end":{"line":9,"column":22}}},"fnMap":{"0":{"name":"(anonymous_1)","decl":{"start":{"line":10,"column":2},"end":{"line":10,"column":8}},"loc":{"start":{"line":10,"column":42},"end":{"line":22,"column":3}}}},"branchMap":{},"s":{"0":0,"1":0,"2":0,"3":0,"4":0,"5":0,"6":0},"f":{"0":0},"b":{}}
,"/Users/jeffrey/dev/nomad_coder/ooober_eats/ooober-eats-backend/src/jwt/jwt.service.ts": {"path":"/Users/jeffrey/dev/nomad_coder/ooober_eats/ooober-eats-backend/src/jwt/jwt.service.ts","statementMap":{"0":{"start":{"line":1,"column":0},"end":{"line":1,"column":52}},"1":{"start":{"line":3,"column":0},"end":{"line":3,"column":60}},"2":{"start":{"line":4,"column":0},"end":{"line":4,"column":36}},"3":{"start":{"line":8,"column":7},"end":{"line":20,"column":null}},"4":{"start":{"line":10,"column":45},"end":{"line":10,"column":70}},"5":{"start":{"line":14,"column":4},"end":{"line":14,"column":61}},"6":{"start":{"line":18,"column":4},"end":{"line":18,"column":54}},"7":{"start":{"line":8,"column":13},"end":{"line":20,"column":null}},"8":{"start":{"line":8,"column":13},"end":{"line":8,"column":23}}},"fnMap":{"0":{"name":"(anonymous_4)","decl":{"start":{"line":9,"column":2},"end":{"line":9,"column":null}},"loc":{"start":{"line":10,"column":70},"end":{"line":11,"column":6}}},"1":{"name":"(anonymous_5)","decl":{"start":{"line":13,"column":2},"end":{"line":13,"column":6}},"loc":{"start":{"line":13,"column":21},"end":{"line":15,"column":3}}},"2":{"name":"(anonymous_6)","decl":{"start":{"line":17,"column":2},"end":{"line":17,"column":8}},"loc":{"start":{"line":17,"column":22},"end":{"line":19,"column":3}}}},"branchMap":{},"s":{"0":1,"1":1,"2":1,"3":1,"4":0,"5":0,"6":0,"7":1,"8":1},"f":{"0":0,"1":0,"2":0},"b":{}}
,"/Users/jeffrey/dev/nomad_coder/ooober_eats/ooober-eats-backend/src/mail/mail.module.ts": {"path":"/Users/jeffrey/dev/nomad_coder/ooober_eats/ooober-eats-backend/src/mail/mail.module.ts","statementMap":{"0":{"start":{"line":1,"column":0},"end":{"line":1,"column":63}},"1":{"start":{"line":2,"column":0},"end":{"line":2,"column":60}},"2":{"start":{"line":4,"column":0},"end":{"line":4,"column":45}},"3":{"start":{"line":8,"column":23},"end":{"line":22,"column":null}},"4":{"start":{"line":10,"column":4},"end":{"line":20,"column":6}},"5":{"start":{"line":8,"column":13},"end":{"line":22,"column":null}},"6":{"start":{"line":8,"column":13},"end":{"line":8,"column":23}}},"fnMap":{"0":{"name":"(anonymous_1)","decl":{"start":{"line":9,"column":2},"end":{"line":9,"column":8}},"loc":{"start":{"line":9,"column":43},"end":{"line":21,"column":3}}}},"branchMap":{},"s":{"0":0,"1":0,"2":0,"3":0,"4":0,"5":0,"6":0},"f":{"0":0},"b":{}}
,"/Users/jeffrey/dev/nomad_coder/ooober_eats/ooober-eats-backend/src/mail/mail.service.ts": {"path":"/Users/jeffrey/dev/nomad_coder/ooober_eats/ooober-eats-backend/src/mail/mail.service.ts","statementMap":{"0":{"start":{"line":1,"column":0},"end":{"line":1,"column":52}},"1":{"start":{"line":2,"column":0},"end":{"line":2,"column":60}},"2":{"start":{"line":4,"column":0},"end":{"line":4,"column":22}},"3":{"start":{"line":5,"column":0},"end":{"line":5,"column":38}},"4":{"start":{"line":8,"column":7},"end":{"line":68,"column":null}},"5":{"start":{"line":10,"column":45},"end":{"line":10,"column":71}},"6":{"start":{"line":28,"column":17},"end":{"line":28,"column":31}},"7":{"start":{"line":30,"column":4},"end":{"line":33,"column":6}},"8":{"start":{"line":34,"column":4},"end":{"line":34,"column":26}},"9":{"start":{"line":35,"column":4},"end":{"line":35,"column":36}},"10":{"start":{"line":36,"column":4},"end":{"line":36,"column":38}},"11":{"start":{"line":37,"column":4},"end":{"line":37,"column":77}},"12":{"start":{"line":37,"column":33},"end":{"line":37,"column":75}},"13":{"start":{"line":39,"column":4},"end":{"line":54,"column":null}},"14":{"start":{"line":40,"column":23},"end":{"line":50,"column":null}},"15":{"start":{"line":53,"column":6},"end":{"line":53,"column":21}},"16":{"start":{"line":58,"column":4},"end":{"line":66,"column":6}},"17":{"start":{"line":8,"column":13},"end":{"line":68,"column":null}},"18":{"start":{"line":8,"column":13},"end":{"line":8,"column":24}}},"fnMap":{"0":{"name":"(anonymous_4)","decl":{"start":{"line":9,"column":2},"end":{"line":9,"column":null}},"loc":{"start":{"line":10,"column":71},"end":{"line":11,"column":6}}},"1":{"name":"(anonymous_5)","decl":{"start":{"line":22,"column":10},"end":{"line":22,"column":15}},"loc":{"start":{"line":26,"column":25},"end":{"line":55,"column":3}}},"2":{"name":"(anonymous_6)","decl":{"start":{"line":37,"column":22},"end":{"line":37,"column":23}},"loc":{"start":{"line":37,"column":33},"end":{"line":37,"column":75}}},"3":{"name":"(anonymous_7)","decl":{"start":{"line":57,"column":2},"end":{"line":57,"column":23}},"loc":{"start":{"line":57,"column":51},"end":{"line":67,"column":3}}}},"branchMap":{},"s":{"0":1,"1":1,"2":1,"3":1,"4":1,"5":0,"6":0,"7":0,"8":0,"9":0,"10":0,"11":0,"12":0,"13":0,"14":0,"15":0,"16":0,"17":1,"18":1},"f":{"0":0,"1":0,"2":0,"3":0},"b":{}}
,"/Users/jeffrey/dev/nomad_coder/ooober_eats/ooober-eats-backend/src/restaurants/restaurants.module.ts": {"path":"/Users/jeffrey/dev/nomad_coder/ooober_eats/ooober-eats-backend/src/restaurants/restaurants.module.ts","statementMap":{"0":{"start":{"line":1,"column":0},"end":{"line":1,"column":40}},"1":{"start":{"line":2,"column":0},"end":{"line":2,"column":60}},"2":{"start":{"line":3,"column":0},"end":{"line":3,"column":48}},"3":{"start":{"line":4,"column":0},"end":{"line":4,"column":58}},"4":{"start":{"line":5,"column":0},"end":{"line":5,"column":58}},"5":{"start":{"line":16,"column":7},"end":{"line":16,"column":null}},"6":{"start":{"line":16,"column":13},"end":{"line":16,"column":null}},"7":{"start":{"line":16,"column":13},"end":{"line":16,"column":30}}},"fnMap":{},"branchMap":{},"s":{"0":0,"1":0,"2":0,"3":0,"4":0,"5":0,"6":0,"7":0},"f":{},"b":{}}
,"/Users/jeffrey/dev/nomad_coder/ooober_eats/ooober-eats-backend/src/restaurants/restaurants.resolver.ts": {"path":"/Users/jeffrey/dev/nomad_coder/ooober_eats/ooober-eats-backend/src/restaurants/restaurants.resolver.ts","statementMap":{"0":{"start":{"line":1,"column":0},"end":{"line":1,"column":66}},"1":{"start":{"line":2,"column":0},"end":{"line":2,"column":58}},"2":{"start":{"line":3,"column":0},"end":{"line":3,"column":67}},"3":{"start":{"line":4,"column":0},"end":{"line":4,"column":58}},"4":{"start":{"line":6,"column":0},"end":{"line":6,"column":67}},"5":{"start":{"line":7,"column":0},"end":{"line":7,"column":54}},"6":{"start":{"line":10,"column":7},"end":{"line":59,"column":null}},"7":{"start":{"line":18,"column":31},"end":{"line":18,"column":50}},"8":{"start":{"line":26,"column":4},"end":{"line":26,"column":43}},"9":{"start":{"line":33,"column":4},"end":{"line":39,"column":null}},"10":{"start":{"line":34,"column":6},"end":{"line":34,"column":73}},"11":{"start":{"line":35,"column":6},"end":{"line":35,"column":18}},"12":{"start":{"line":37,"column":6},"end":{"line":37,"column":21}},"13":{"start":{"line":38,"column":6},"end":{"line":38,"column":19}},"14":{"start":{"line":46,"column":4},"end":{"line":57,"column":null}},"15":{"start":{"line":47,"column":6},"end":{"line":47,"column":73}},"16":{"start":{"line":48,"column":6},"end":{"line":50,"column":8}},"17":{"start":{"line":52,"column":6},"end":{"line":52,"column":21}},"18":{"start":{"line":53,"column":6},"end":{"line":56,"column":8}},"19":{"start":{"line":24,"column":2},"end":{"line":27,"column":null}},"20":{"start":{"line":24,"column":22},"end":{"line":24,"column":34}},"21":{"start":{"line":30,"column":8},"end":{"line":40,"column":null}},"22":{"start":{"line":29,"column":25},"end":{"line":29,"column":32}},"23":{"start":{"line":43,"column":8},"end":{"line":58,"column":null}},"24":{"start":{"line":42,"column":25},"end":{"line":42,"column":36}},"25":{"start":{"line":10,"column":13},"end":{"line":59,"column":null}},"26":{"start":{"line":9,"column":18},"end":{"line":9,"column":28}},"27":{"start":{"line":10,"column":13},"end":{"line":10,"column":31}}},"fnMap":{"0":{"name":"(anonymous_4)","decl":{"start":{"line":18,"column":2},"end":{"line":18,"column":31}},"loc":{"start":{"line":18,"column":67},"end":{"line":18,"column":71}}},"1":{"name":"(anonymous_5)","decl":{"start":{"line":25,"column":2},"end":{"line":25,"column":13}},"loc":{"start":{"line":25,"column":13},"end":{"line":27,"column":3}}},"2":{"name":"(anonymous_6)","decl":{"start":{"line":30,"column":2},"end":{"line":30,"column":7}},"loc":{"start":{"line":31,"column":59},"end":{"line":40,"column":3}}},"3":{"name":"(anonymous_7)","decl":{"start":{"line":43,"column":2},"end":{"line":43,"column":7}},"loc":{"start":{"line":44,"column":59},"end":{"line":58,"column":3}}},"4":{"name":"(anonymous_8)","decl":{"start":{"line":24,"column":9},"end":{"line":24,"column":10}},"loc":{"start":{"line":24,"column":22},"end":{"line":24,"column":34}}},"5":{"name":"(anonymous_9)","decl":{"start":{"line":29,"column":12},"end":{"line":29,"column":13}},"loc":{"start":{"line":29,"column":25},"end":{"line":29,"column":32}}},"6":{"name":"(anonymous_10)","decl":{"start":{"line":42,"column":12},"end":{"line":42,"column":13}},"loc":{"start":{"line":42,"column":25},"end":{"line":42,"column":36}}},"7":{"name":"(anonymous_11)","decl":{"start":{"line":9,"column":10},"end":{"line":9,"column":11}},"loc":{"start":{"line":9,"column":18},"end":{"line":9,"column":28}}}},"branchMap":{},"s":{"0":0,"1":0,"2":0,"3":0,"4":0,"5":0,"6":0,"7":0,"8":0,"9":0,"10":0,"11":0,"12":0,"13":0,"14":0,"15":0,"16":0,"17":0,"18":0,"19":0,"20":0,"21":0,"22":0,"23":0,"24":0,"25":0,"26":0,"27":0},"f":{"0":0,"1":0,"2":0,"3":0,"4":0,"5":0,"6":0,"7":0},"b":{}}
,"/Users/jeffrey/dev/nomad_coder/ooober_eats/ooober-eats-backend/src/restaurants/restaurants.service.ts": {"path":"/Users/jeffrey/dev/nomad_coder/ooober_eats/ooober-eats-backend/src/restaurants/restaurants.service.ts","statementMap":{"0":{"start":{"line":1,"column":0},"end":{"line":1,"column":44}},"1":{"start":{"line":2,"column":0},"end":{"line":2,"column":58}},"2":{"start":{"line":3,"column":0},"end":{"line":3,"column":51}},"3":{"start":{"line":4,"column":0},"end":{"line":4,"column":37}},"4":{"start":{"line":12,"column":7},"end":{"line":34,"column":null}},"5":{"start":{"line":15,"column":21},"end":{"line":15,"column":34}},"6":{"start":{"line":19,"column":4},"end":{"line":19,"column":35}},"7":{"start":{"line":26,"column":26},"end":{"line":26,"column":70}},"8":{"start":{"line":27,"column":4},"end":{"line":27,"column":48}},"9":{"start":{"line":32,"column":4},"end":{"line":32,"column":52}},"10":{"start":{"line":12,"column":13},"end":{"line":34,"column":null}},"11":{"start":{"line":12,"column":13},"end":{"line":12,"column":30}}},"fnMap":{"0":{"name":"(anonymous_4)","decl":{"start":{"line":13,"column":2},"end":{"line":13,"column":null}},"loc":{"start":{"line":15,"column":56},"end":{"line":16,"column":6}}},"1":{"name":"(anonymous_5)","decl":{"start":{"line":18,"column":2},"end":{"line":18,"column":8}},"loc":{"start":{"line":18,"column":8},"end":{"line":20,"column":3}}},"2":{"name":"(anonymous_6)","decl":{"start":{"line":22,"column":2},"end":{"line":22,"column":18}},"loc":{"start":{"line":23,"column":44},"end":{"line":28,"column":3}}},"3":{"name":"(anonymous_7)","decl":{"start":{"line":30,"column":2},"end":{"line":30,"column":18}},"loc":{"start":{"line":30,"column":52},"end":{"line":33,"column":3}}}},"branchMap":{},"s":{"0":0,"1":0,"2":0,"3":0,"4":0,"5":0,"6":0,"7":0,"8":0,"9":0,"10":0,"11":0},"f":{"0":0,"1":0,"2":0,"3":0},"b":{}}
,"/Users/jeffrey/dev/nomad_coder/ooober_eats/ooober-eats-backend/src/restaurants/dtos/create-restaurant.dto.ts": {"path":"/Users/jeffrey/dev/nomad_coder/ooober_eats/ooober-eats-backend/src/restaurants/dtos/create-restaurant.dto.ts","statementMap":{"0":{"start":{"line":1,"column":0},"end":{"line":1,"column":54}},"1":{"start":{"line":2,"column":0},"end":{"line":2,"column":59}},"2":{"start":{"line":39,"column":7},"end":{"line":43,"column":null}},"3":{"start":{"line":39,"column":13},"end":{"line":43,"column":null}},"4":{"start":{"line":39,"column":13},"end":{"line":39,"column":32}}},"fnMap":{},"branchMap":{},"s":{"0":0,"1":0,"2":0,"3":0,"4":0},"f":{},"b":{}}
,"/Users/jeffrey/dev/nomad_coder/ooober_eats/ooober-eats-backend/src/restaurants/dtos/update-restaurant.dto.ts": {"path":"/Users/jeffrey/dev/nomad_coder/ooober_eats/ooober-eats-backend/src/restaurants/dtos/update-restaurant.dto.ts","statementMap":{"0":{"start":{"line":1,"column":0},"end":{"line":1,"column":74}},"1":{"start":{"line":2,"column":0},"end":{"line":2,"column":59}},"2":{"start":{"line":5,"column":0},"end":{"line":5,"column":null}},"3":{"start":{"line":5,"column":6},"end":{"line":5,"column":null}},"4":{"start":{"line":12,"column":7},"end":{"line":18,"column":null}},"5":{"start":{"line":13,"column":2},"end":{"line":14,"column":null}},"6":{"start":{"line":13,"column":19},"end":{"line":13,"column":25}},"7":{"start":{"line":16,"column":2},"end":{"line":17,"column":null}},"8":{"start":{"line":16,"column":19},"end":{"line":16,"column":44}},"9":{"start":{"line":12,"column":13},"end":{"line":18,"column":null}},"10":{"start":{"line":12,"column":13},"end":{"line":12,"column":32}}},"fnMap":{"0":{"name":"(anonymous_2)","decl":{"start":{"line":13,"column":9},"end":{"line":13,"column":10}},"loc":{"start":{"line":13,"column":19},"end":{"line":13,"column":25}}},"1":{"name":"(anonymous_3)","decl":{"start":{"line":16,"column":9},"end":{"line":16,"column":10}},"loc":{"start":{"line":16,"column":19},"end":{"line":16,"column":44}}}},"branchMap":{},"s":{"0":0,"1":0,"2":0,"3":0,"4":0,"5":0,"6":0,"7":0,"8":0,"9":0,"10":0},"f":{"0":0,"1":0},"b":{}}
,"/Users/jeffrey/dev/nomad_coder/ooober_eats/ooober-eats-backend/src/users/users.module.ts": {"path":"/Users/jeffrey/dev/nomad_coder/ooober_eats/ooober-eats-backend/src/users/users.module.ts","statementMap":{"0":{"start":{"line":1,"column":0},"end":{"line":1,"column":40}},"1":{"start":{"line":2,"column":0},"end":{"line":2,"column":48}},"2":{"start":{"line":3,"column":0},"end":{"line":3,"column":47}},"3":{"start":{"line":4,"column":0},"end":{"line":4,"column":49}},"4":{"start":{"line":5,"column":0},"end":{"line":5,"column":47}},"5":{"start":{"line":6,"column":0},"end":{"line":6,"column":62}},"6":{"start":{"line":13,"column":7},"end":{"line":13,"column":null}},"7":{"start":{"line":13,"column":13},"end":{"line":13,"column":null}},"8":{"start":{"line":13,"column":13},"end":{"line":13,"column":24}}},"fnMap":{},"branchMap":{},"s":{"0":0,"1":0,"2":0,"3":0,"4":0,"5":0,"6":0,"7":0,"8":0},"f":{},"b":{}}
,"/Users/jeffrey/dev/nomad_coder/ooober_eats/ooober-eats-backend/src/users/users.resolver.ts": {"path":"/Users/jeffrey/dev/nomad_coder/ooober_eats/ooober-eats-backend/src/users/users.resolver.ts","statementMap":{"0":{"start":{"line":1,"column":0},"end":{"line":1,"column":58}},"1":{"start":{"line":2,"column":0},"end":{"line":2,"column":47}},"2":{"start":{"line":3,"column":0},"end":{"line":3,"column":47}},"3":{"start":{"line":4,"column":0},"end":{"line":4,"column":50}},"4":{"start":{"line":5,"column":0},"end":{"line":5,"column":null}},"5":{"start":{"line":9,"column":0},"end":{"line":9,"column":59}},"6":{"start":{"line":10,"column":0},"end":{"line":10,"column":43}},"7":{"start":{"line":11,"column":0},"end":{"line":11,"column":47}},"8":{"start":{"line":12,"column":0},"end":{"line":12,"column":55}},"9":{"start":{"line":13,"column":0},"end":{"line":13,"column":78}},"10":{"start":{"line":14,"column":0},"end":{"line":14,"column":78}},"11":{"start":{"line":15,"column":0},"end":{"line":15,"column":78}},"12":{"start":{"line":18,"column":7},"end":{"line":62,"column":null}},"13":{"start":{"line":19,"column":31},"end":{"line":19,"column":45}},"14":{"start":{"line":25,"column":4},"end":{"line":25,"column":63}},"15":{"start":{"line":30,"column":4},"end":{"line":30,"column":47}},"16":{"start":{"line":36,"column":4},"end":{"line":36,"column":20}},"17":{"start":{"line":44,"column":4},"end":{"line":44,"column":63}},"18":{"start":{"line":53,"column":4},"end":{"line":53,"column":72}},"19":{"start":{"line":60,"column":4},"end":{"line":60,"column":64}},"20":{"start":{"line":22,"column":8},"end":{"line":26,"column":null}},"21":{"start":{"line":21,"column":25},"end":{"line":21,"column":44}},"22":{"start":{"line":29,"column":8},"end":{"line":31,"column":null}},"23":{"start":{"line":28,"column":25},"end":{"line":28,"column":36}},"24":{"start":{"line":33,"column":2},"end":{"line":37,"column":null}},"25":{"start":{"line":33,"column":22},"end":{"line":33,"column":26}},"26":{"start":{"line":41,"column":8},"end":{"line":45,"column":null}},"27":{"start":{"line":40,"column":22},"end":{"line":40,"column":39}},"28":{"start":{"line":49,"column":8},"end":{"line":54,"column":null}},"29":{"start":{"line":48,"column":25},"end":{"line":48,"column":42}},"30":{"start":{"line":57,"column":8},"end":{"line":61,"column":null}},"31":{"start":{"line":56,"column":25},"end":{"line":56,"column":42}},"32":{"start":{"line":18,"column":13},"end":{"line":62,"column":null}},"33":{"start":{"line":17,"column":18},"end":{"line":17,"column":22}},"34":{"start":{"line":18,"column":13},"end":{"line":18,"column":26}}},"fnMap":{"0":{"name":"(anonymous_4)","decl":{"start":{"line":19,"column":2},"end":{"line":19,"column":31}},"loc":{"start":{"line":19,"column":57},"end":{"line":19,"column":61}}},"1":{"name":"(anonymous_5)","decl":{"start":{"line":22,"column":2},"end":{"line":22,"column":7}},"loc":{"start":{"line":23,"column":57},"end":{"line":26,"column":3}}},"2":{"name":"(anonymous_6)","decl":{"start":{"line":29,"column":2},"end":{"line":29,"column":7}},"loc":{"start":{"line":29,"column":51},"end":{"line":31,"column":3}}},"3":{"name":"(anonymous_7)","decl":{"start":{"line":35,"column":2},"end":{"line":35,"column":4}},"loc":{"start":{"line":35,"column":31},"end":{"line":37,"column":3}}},"4":{"name":"(anonymous_8)","decl":{"start":{"line":41,"column":2},"end":{"line":41,"column":7}},"loc":{"start":{"line":42,"column":46},"end":{"line":45,"column":3}}},"5":{"name":"(anonymous_9)","decl":{"start":{"line":49,"column":2},"end":{"line":49,"column":7}},"loc":{"start":{"line":51,"column":53},"end":{"line":54,"column":3}}},"6":{"name":"(anonymous_10)","decl":{"start":{"line":57,"column":2},"end":{"line":57,"column":7}},"loc":{"start":{"line":58,"column":53},"end":{"line":61,"column":3}}},"7":{"name":"(anonymous_11)","decl":{"start":{"line":21,"column":12},"end":{"line":21,"column":13}},"loc":{"start":{"line":21,"column":25},"end":{"line":21,"column":44}}},"8":{"name":"(anonymous_12)","decl":{"start":{"line":28,"column":12},"end":{"line":28,"column":13}},"loc":{"start":{"line":28,"column":25},"end":{"line":28,"column":36}}},"9":{"name":"(anonymous_13)","decl":{"start":{"line":33,"column":9},"end":{"line":33,"column":10}},"loc":{"start":{"line":33,"column":22},"end":{"line":33,"column":26}}},"10":{"name":"(anonymous_14)","decl":{"start":{"line":40,"column":9},"end":{"line":40,"column":10}},"loc":{"start":{"line":40,"column":22},"end":{"line":40,"column":39}}},"11":{"name":"(anonymous_15)","decl":{"start":{"line":48,"column":12},"end":{"line":48,"column":13}},"loc":{"start":{"line":48,"column":25},"end":{"line":48,"column":42}}},"12":{"name":"(anonymous_16)","decl":{"start":{"line":56,"column":12},"end":{"line":56,"column":13}},"loc":{"start":{"line":56,"column":25},"end":{"line":56,"column":42}}},"13":{"name":"(anonymous_17)","decl":{"start":{"line":17,"column":10},"end":{"line":17,"column":11}},"loc":{"start":{"line":17,"column":18},"end":{"line":17,"column":22}}}},"branchMap":{},"s":{"0":0,"1":0,"2":0,"3":0,"4":0,"5":0,"6":0,"7":0,"8":0,"9":0,"10":0,"11":0,"12":0,"13":0,"14":0,"15":0,"16":0,"17":0,"18":0,"19":0,"20":0,"21":0,"22":0,"23":0,"24":0,"25":0,"26":0,"27":0,"28":0,"29":0,"30":0,"31":0,"32":0,"33":0,"34":0},"f":{"0":0,"1":0,"2":0,"3":0,"4":0,"5":0,"6":0,"7":0,"8":0,"9":0,"10":0,"11":0,"12":0,"13":0},"b":{}}
,"/Users/jeffrey/dev/nomad_coder/ooober_eats/ooober-eats-backend/src/users/users.service.ts": {"path":"/Users/jeffrey/dev/nomad_coder/ooober_eats/ooober-eats-backend/src/users/users.service.ts","statementMap":{"0":{"start":{"line":1,"column":0},"end":{"line":1,"column":51}},"1":{"start":{"line":2,"column":0},"end":{"line":2,"column":37}},"2":{"start":{"line":3,"column":0},"end":{"line":3,"column":47}},"3":{"start":{"line":4,"column":0},"end":{"line":4,"column":44}},"4":{"start":{"line":12,"column":0},"end":{"line":12,"column":48}},"5":{"start":{"line":14,"column":0},"end":{"line":14,"column":62}},"6":{"start":{"line":17,"column":0},"end":{"line":17,"column":51}},"7":{"start":{"line":19,"column":7},"end":{"line":171,"column":null}},"8":{"start":{"line":24,"column":45},"end":{"line":24,"column":52}},"9":{"start":{"line":26,"column":21},"end":{"line":26,"column":36}},"10":{"start":{"line":27,"column":21},"end":{"line":27,"column":33}},"11":{"start":{"line":28,"column":21},"end":{"line":28,"column":34}},"12":{"start":{"line":36,"column":4},"end":{"line":69,"column":null}},"13":{"start":{"line":39,"column":21},"end":{"line":39,"column":67}},"14":{"start":{"line":41,"column":6},"end":{"line":47,"column":null}},"15":{"start":{"line":43,"column":8},"end":{"line":46,"column":10}},"16":{"start":{"line":49,"column":19},"end":{"line":50,"column":null}},"17":{"start":{"line":53,"column":27},"end":{"line":56,"column":null}},"18":{"start":{"line":58,"column":6},"end":{"line":58,"column":76}},"19":{"start":{"line":60,"column":6},"end":{"line":62,"column":8}},"20":{"start":{"line":64,"column":6},"end":{"line":64,"column":21}},"21":{"start":{"line":65,"column":6},"end":{"line":68,"column":8}},"22":{"start":{"line":73,"column":4},"end":{"line":108,"column":null}},"23":{"start":{"line":77,"column":19},"end":{"line":80,"column":8}},"24":{"start":{"line":81,"column":6},"end":{"line":85,"column":10}},"25":{"start":{"line":82,"column":8},"end":{"line":85,"column":10}},"26":{"start":{"line":87,"column":30},"end":{"line":87,"column":64}},"27":{"start":{"line":88,"column":6},"end":{"line":92,"column":10}},"28":{"start":{"line":89,"column":8},"end":{"line":92,"column":10}},"29":{"start":{"line":99,"column":6},"end":{"line":102,"column":8}},"30":{"start":{"line":104,"column":6},"end":{"line":107,"column":8}},"31":{"start":{"line":112,"column":4},"end":{"line":125,"column":null}},"32":{"start":{"line":113,"column":19},"end":{"line":113,"column":62}},"33":{"start":{"line":114,"column":6},"end":{"line":114,"column":31}},"34":{"start":{"line":114,"column":17},"end":{"line":114,"column":31}},"35":{"start":{"line":115,"column":6},"end":{"line":118,"column":8}},"36":{"start":{"line":120,"column":6},"end":{"line":120,"column":25}},"37":{"start":{"line":121,"column":6},"end":{"line":124,"column":8}},"38":{"start":{"line":132,"column":4},"end":{"line":151,"column":null}},"39":{"start":{"line":134,"column":19},"end":{"line":134,"column":70}},"40":{"start":{"line":135,"column":6},"end":{"line":142,"column":null}},"41":{"start":{"line":136,"column":8},"end":{"line":136,"column":27}},"42":{"start":{"line":137,"column":8},"end":{"line":137,"column":30}},"43":{"start":{"line":138,"column":29},"end":{"line":139,"column":null}},"44":{"start":{"line":141,"column":8},"end":{"line":141,"column":78}},"45":{"start":{"line":143,"column":6},"end":{"line":143,"column":45}},"46":{"start":{"line":143,"column":20},"end":{"line":143,"column":45}},"47":{"start":{"line":144,"column":6},"end":{"line":144,"column":34}},"48":{"start":{"line":146,"column":6},"end":{"line":148,"column":8}},"49":{"start":{"line":150,"column":6},"end":{"line":150,"column":34}},"50":{"start":{"line":155,"column":4},"end":{"line":169,"column":null}},"51":{"start":{"line":156,"column":27},"end":{"line":159,"column":8}},"52":{"start":{"line":160,"column":6},"end":{"line":160,"column":39}},"53":{"start":{"line":160,"column":25},"end":{"line":160,"column":39}},"54":{"start":{"line":162,"column":6},"end":{"line":162,"column":40}},"55":{"start":{"line":163,"column":6},"end":{"line":163,"column":47}},"56":{"start":{"line":164,"column":6},"end":{"line":164,"column":55}},"57":{"start":{"line":166,"column":6},"end":{"line":166,"column":26}},"58":{"start":{"line":168,"column":6},"end":{"line":168,"column":34}},"59":{"start":{"line":19,"column":13},"end":{"line":171,"column":null}},"60":{"start":{"line":19,"column":13},"end":{"line":19,"column":25}}},"fnMap":{"0":{"name":"(anonymous_4)","decl":{"start":{"line":23,"column":2},"end":{"line":23,"column":null}},"loc":{"start":{"line":28,"column":45},"end":{"line":29,"column":6}}},"1":{"name":"(anonymous_5)","decl":{"start":{"line":31,"column":2},"end":{"line":31,"column":7}},"loc":{"start":{"line":35,"column":23},"end":{"line":70,"column":3}}},"2":{"name":"(anonymous_6)","decl":{"start":{"line":72,"column":2},"end":{"line":72,"column":7}},"loc":{"start":{"line":72,"column":45},"end":{"line":109,"column":3}}},"3":{"name":"(anonymous_7)","decl":{"start":{"line":111,"column":2},"end":{"line":111,"column":7}},"loc":{"start":{"line":111,"column":27},"end":{"line":126,"column":3}}},"4":{"name":"(anonymous_8)","decl":{"start":{"line":128,"column":2},"end":{"line":128,"column":7}},"loc":{"start":{"line":130,"column":41},"end":{"line":152,"column":3}}},"5":{"name":"(anonymous_9)","decl":{"start":{"line":154,"column":2},"end":{"line":154,"column":7}},"loc":{"start":{"line":154,"column":32},"end":{"line":170,"column":3}}}},"branchMap":{"0":{"loc":{"start":{"line":41,"column":6},"end":{"line":47,"column":null}},"type":"if","locations":[{"start":{"line":41,"column":6},"end":{"line":47,"column":null}}]},"1":{"loc":{"start":{"line":81,"column":6},"end":{"line":85,"column":10}},"type":"if","locations":[{"start":{"line":81,"column":6},"end":{"line":85,"column":10}}]},"2":{"loc":{"start":{"line":88,"column":6},"end":{"line":92,"column":10}},"type":"if","locations":[{"start":{"line":88,"column":6},"end":{"line":92,"column":10}}]},"3":{"loc":{"start":{"line":114,"column":6},"end":{"line":114,"column":31}},"type":"if","locations":[{"start":{"line":114,"column":6},"end":{"line":114,"column":31}}]},"4":{"loc":{"start":{"line":135,"column":6},"end":{"line":142,"column":null}},"type":"if","locations":[{"start":{"line":135,"column":6},"end":{"line":142,"column":null}}]},"5":{"loc":{"start":{"line":143,"column":6},"end":{"line":143,"column":45}},"type":"if","locations":[{"start":{"line":143,"column":6},"end":{"line":143,"column":45}}]},"6":{"loc":{"start":{"line":160,"column":6},"end":{"line":160,"column":39}},"type":"if","locations":[{"start":{"line":160,"column":6},"end":{"line":160,"column":39}}]}},"s":{"0":1,"1":1,"2":1,"3":1,"4":1,"5":1,"6":1,"7":1,"8":1,"9":1,"10":1,"11":1,"12":3,"13":3,"14":2,"15":1,"16":1,"17":1,"18":1,"19":1,"20":1,"21":1,"22":0,"23":0,"24":0,"25":0,"26":0,"27":0,"28":0,"29":0,"30":0,"31":0,"32":0,"33":0,"34":0,"35":0,"36":0,"37":0,"38":0,"39":0,"40":0,"41":0,"42":0,"43":0,"44":0,"45":0,"46":0,"47":0,"48":0,"49":0,"50":0,"51":0,"52":0,"53":0,"54":0,"55":0,"56":0,"57":0,"58":0,"59":1,"60":1},"f":{"0":1,"1":3,"2":0,"3":0,"4":0,"5":0},"b":{"0":[1],"1":[0],"2":[0],"3":[0],"4":[0],"5":[0],"6":[0]}}
,"/Users/jeffrey/dev/nomad_coder/ooober_eats/ooober-eats-backend/src/users/dtos/create-account.dto.ts": {"path":"/Users/jeffrey/dev/nomad_coder/ooober_eats/ooober-eats-backend/src/users/dtos/create-account.dto.ts","statementMap":{"0":{"start":{"line":1,"column":0},"end":{"line":1,"column":66}},"1":{"start":{"line":2,"column":0},"end":{"line":2,"column":48}},"2":{"start":{"line":3,"column":0},"end":{"line":3,"column":58}},"3":{"start":{"line":6,"column":7},"end":{"line":10,"column":null}},"4":{"start":{"line":6,"column":13},"end":{"line":10,"column":null}},"5":{"start":{"line":6,"column":13},"end":{"line":6,"column":31}},"6":{"start":{"line":13,"column":7},"end":{"line":13,"column":null}},"7":{"start":{"line":13,"column":13},"end":{"line":13,"column":null}},"8":{"start":{"line":13,"column":13},"end":{"line":13,"column":32}}},"fnMap":{},"branchMap":{},"s":{"0":0,"1":0,"2":0,"3":0,"4":0,"5":0,"6":0,"7":0,"8":0},"f":{},"b":{}}
,"/Users/jeffrey/dev/nomad_coder/ooober_eats/ooober-eats-backend/src/users/dtos/edit-profile.dto.ts": {"path":"/Users/jeffrey/dev/nomad_coder/ooober_eats/ooober-eats-backend/src/users/dtos/edit-profile.dto.ts","statementMap":{"0":{"start":{"line":1,"column":0},"end":{"line":1,"column":58}},"1":{"start":{"line":2,"column":0},"end":{"line":2,"column":79}},"2":{"start":{"line":3,"column":0},"end":{"line":3,"column":48}},"3":{"start":{"line":6,"column":7},"end":{"line":6,"column":null}},"4":{"start":{"line":6,"column":13},"end":{"line":6,"column":null}},"5":{"start":{"line":6,"column":13},"end":{"line":6,"column":30}},"6":{"start":{"line":15,"column":7},"end":{"line":17,"column":null}},"7":{"start":{"line":15,"column":13},"end":{"line":17,"column":null}},"8":{"start":{"line":15,"column":13},"end":{"line":15,"column":29}}},"fnMap":{},"branchMap":{},"s":{"0":0,"1":0,"2":0,"3":0,"4":0,"5":0,"6":0,"7":0,"8":0},"f":{},"b":{}}
,"/Users/jeffrey/dev/nomad_coder/ooober_eats/ooober-eats-backend/src/users/dtos/login.dto.ts": {"path":"/Users/jeffrey/dev/nomad_coder/ooober_eats/ooober-eats-backend/src/users/dtos/login.dto.ts","statementMap":{"0":{"start":{"line":1,"column":0},"end":{"line":1,"column":58}},"1":{"start":{"line":2,"column":0},"end":{"line":2,"column":73}},"2":{"start":{"line":3,"column":0},"end":{"line":3,"column":48}},"3":{"start":{"line":6,"column":7},"end":{"line":9,"column":null}},"4":{"start":{"line":7,"column":2},"end":{"line":8,"column":null}},"5":{"start":{"line":7,"column":19},"end":{"line":7,"column":25}},"6":{"start":{"line":6,"column":13},"end":{"line":9,"column":null}},"7":{"start":{"line":6,"column":13},"end":{"line":6,"column":24}},"8":{"start":{"line":12,"column":7},"end":{"line":12,"column":null}},"9":{"start":{"line":12,"column":13},"end":{"line":12,"column":null}},"10":{"start":{"line":12,"column":13},"end":{"line":12,"column":23}}},"fnMap":{"0":{"name":"(anonymous_2)","decl":{"start":{"line":7,"column":9},"end":{"line":7,"column":10}},"loc":{"start":{"line":7,"column":19},"end":{"line":7,"column":25}}}},"branchMap":{},"s":{"0":0,"1":0,"2":0,"3":0,"4":0,"5":0,"6":0,"7":0,"8":0,"9":0,"10":0},"f":{"0":0},"b":{}}
,"/Users/jeffrey/dev/nomad_coder/ooober_eats/ooober-eats-backend/src/users/dtos/user-profile.dto.ts": {"path":"/Users/jeffrey/dev/nomad_coder/ooober_eats/ooober-eats-backend/src/users/dtos/user-profile.dto.ts","statementMap":{"0":{"start":{"line":1,"column":0},"end":{"line":1,"column":62}},"1":{"start":{"line":2,"column":0},"end":{"line":2,"column":58}},"2":{"start":{"line":3,"column":0},"end":{"line":3,"column":48}},"3":{"start":{"line":6,"column":7},"end":{"line":9,"column":null}},"4":{"start":{"line":7,"column":2},"end":{"line":8,"column":null}},"5":{"start":{"line":7,"column":19},"end":{"line":7,"column":25}},"6":{"start":{"line":6,"column":13},"end":{"line":9,"column":null}},"7":{"start":{"line":6,"column":13},"end":{"line":6,"column":29}},"8":{"start":{"line":12,"column":7},"end":{"line":15,"column":null}},"9":{"start":{"line":13,"column":2},"end":{"line":14,"column":null}},"10":{"start":{"line":13,"column":19},"end":{"line":13,"column":23}},"11":{"start":{"line":12,"column":13},"end":{"line":15,"column":null}},"12":{"start":{"line":12,"column":13},"end":{"line":12,"column":30}}},"fnMap":{"0":{"name":"(anonymous_2)","decl":{"start":{"line":7,"column":9},"end":{"line":7,"column":10}},"loc":{"start":{"line":7,"column":19},"end":{"line":7,"column":25}}},"1":{"name":"(anonymous_3)","decl":{"start":{"line":13,"column":9},"end":{"line":13,"column":10}},"loc":{"start":{"line":13,"column":19},"end":{"line":13,"column":23}}}},"branchMap":{},"s":{"0":0,"1":0,"2":0,"3":0,"4":0,"5":0,"6":0,"7":0,"8":0,"9":0,"10":0,"11":0,"12":0},"f":{"0":0,"1":0},"b":{}}
,"/Users/jeffrey/dev/nomad_coder/ooober_eats/ooober-eats-backend/src/users/dtos/verify-eamil.dto.ts": {"path":"/Users/jeffrey/dev/nomad_coder/ooober_eats/ooober-eats-backend/src/users/dtos/verify-eamil.dto.ts","statementMap":{"0":{"start":{"line":1,"column":0},"end":{"line":1,"column":58}},"1":{"start":{"line":2,"column":0},"end":{"line":2,"column":66}},"2":{"start":{"line":3,"column":0},"end":{"line":3,"column":63}},"3":{"start":{"line":6,"column":7},"end":{"line":6,"column":null}},"4":{"start":{"line":6,"column":13},"end":{"line":6,"column":null}},"5":{"start":{"line":6,"column":13},"end":{"line":6,"column":30}},"6":{"start":{"line":9,"column":7},"end":{"line":9,"column":null}},"7":{"start":{"line":9,"column":13},"end":{"line":9,"column":null}},"8":{"start":{"line":9,"column":13},"end":{"line":9,"column":29}}},"fnMap":{},"branchMap":{},"s":{"0":0,"1":0,"2":0,"3":0,"4":0,"5":0,"6":0,"7":0,"8":0},"f":{},"b":{}}
}
